{"C:\\Users\\jstev\\Documents\\BookmarksAPI\\bookmarks-lambda-analyse\\index.js": {"path":"C:\\Users\\jstev\\Documents\\BookmarksAPI\\bookmarks-lambda-analyse\\index.js","statementMap":{"0":{"start":{"line":1,"column":17},"end":{"line":1,"column":48}},"1":{"start":{"line":3,"column":0},"end":{"line":38,"column":2}},"2":{"start":{"line":6,"column":8},"end":{"line":6,"column":13}},"3":{"start":{"line":8,"column":4},"end":{"line":37,"column":11}},"4":{"start":{"line":14,"column":16},"end":{"line":14,"column":31}},"5":{"start":{"line":16,"column":23},"end":{"line":16,"column":25}},"6":{"start":{"line":17,"column":12},"end":{"line":19,"column":13}},"7":{"start":{"line":18,"column":16},"end":{"line":18,"column":31}},"8":{"start":{"line":21,"column":12},"end":{"line":30,"column":14}},"9":{"start":{"line":33,"column":12},"end":{"line":36,"column":13}}},"fnMap":{"0":{"name":"(anonymous_0)","decl":{"start":{"line":3,"column":18},"end":{"line":3,"column":19}},"loc":{"start":{"line":3,"column":35},"end":{"line":38,"column":1}},"line":3},"1":{"name":"(anonymous_1)","decl":{"start":{"line":9,"column":14},"end":{"line":9,"column":15}},"loc":{"start":{"line":9,"column":33},"end":{"line":31,"column":9}},"line":9},"2":{"name":"(anonymous_2)","decl":{"start":{"line":32,"column":15},"end":{"line":32,"column":16}},"loc":{"start":{"line":32,"column":33},"end":{"line":37,"column":9}},"line":32}},"branchMap":{"0":{"loc":{"start":{"line":17,"column":12},"end":{"line":19,"column":13}},"type":"if","locations":[{"start":{"line":17,"column":12},"end":{"line":19,"column":13}},{"start":{"line":17,"column":12},"end":{"line":19,"column":13}}],"line":17}},"s":{"0":1,"1":1,"2":1,"3":1,"4":1,"5":1,"6":1,"7":1,"8":1,"9":0},"f":{"0":1,"1":1,"2":0},"b":{"0":[1,0]},"_coverageSchema":"1a1c01bbd47fc00a2c39e90264f33305004495a9","hash":"f94dad6d78f5694d9809505aee744f6b91454980"}
,"C:\\Users\\jstev\\Documents\\BookmarksAPI\\bookmarks-lambda-create\\index.js": {"path":"C:\\Users\\jstev\\Documents\\BookmarksAPI\\bookmarks-lambda-create\\index.js","statementMap":{"0":{"start":{"line":1,"column":12},"end":{"line":1,"column":30}},"1":{"start":{"line":2,"column":23},"end":{"line":2,"column":38}},"2":{"start":{"line":4,"column":14},"end":{"line":4,"column":36}},"3":{"start":{"line":5,"column":15},"end":{"line":5,"column":33}},"4":{"start":{"line":7,"column":0},"end":{"line":9,"column":3}},"5":{"start":{"line":11,"column":17},"end":{"line":11,"column":50}},"6":{"start":{"line":12,"column":15},"end":{"line":12,"column":31}},"7":{"start":{"line":14,"column":24},"end":{"line":25,"column":1}},"8":{"start":{"line":15,"column":20},"end":{"line":17,"column":5}},"9":{"start":{"line":19,"column":25},"end":{"line":22,"column":5}},"10":{"start":{"line":24,"column":4},"end":{"line":24,"column":49}},"11":{"start":{"line":27,"column":0},"end":{"line":82,"column":1}},"12":{"start":{"line":30,"column":8},"end":{"line":30,"column":13}},"13":{"start":{"line":36,"column":8},"end":{"line":36,"column":12}},"14":{"start":{"line":38,"column":23},"end":{"line":38,"column":31}},"15":{"start":{"line":39,"column":22},"end":{"line":39,"column":48}},"16":{"start":{"line":41,"column":4},"end":{"line":81,"column":10}},"17":{"start":{"line":43,"column":36},"end":{"line":43,"column":67}},"18":{"start":{"line":50,"column":16},"end":{"line":50,"column":36}},"19":{"start":{"line":52,"column":30},"end":{"line":65,"column":13}},"20":{"start":{"line":67,"column":12},"end":{"line":80,"column":19}},"21":{"start":{"line":69,"column":20},"end":{"line":73,"column":21}},"22":{"start":{"line":76,"column":20},"end":{"line":79,"column":21}}},"fnMap":{"0":{"name":"(anonymous_0)","decl":{"start":{"line":14,"column":24},"end":{"line":14,"column":25}},"loc":{"start":{"line":14,"column":40},"end":{"line":25,"column":1}},"line":14},"1":{"name":"(anonymous_1)","decl":{"start":{"line":27,"column":18},"end":{"line":27,"column":19}},"loc":{"start":{"line":27,"column":35},"end":{"line":82,"column":1}},"line":27},"2":{"name":"(anonymous_2)","decl":{"start":{"line":42,"column":14},"end":{"line":42,"column":15}},"loc":{"start":{"line":42,"column":29},"end":{"line":81,"column":9}},"line":42},"3":{"name":"(anonymous_3)","decl":{"start":{"line":68,"column":22},"end":{"line":68,"column":23}},"loc":{"start":{"line":68,"column":28},"end":{"line":74,"column":17}},"line":68},"4":{"name":"(anonymous_4)","decl":{"start":{"line":75,"column":23},"end":{"line":75,"column":24}},"loc":{"start":{"line":75,"column":41},"end":{"line":80,"column":17}},"line":75}},"branchMap":{},"s":{"0":1,"1":1,"2":1,"3":1,"4":1,"5":1,"6":1,"7":1,"8":1,"9":1,"10":1,"11":1,"12":1,"13":1,"14":1,"15":1,"16":1,"17":1,"18":0,"19":0,"20":0,"21":0,"22":0},"f":{"0":1,"1":1,"2":1,"3":0,"4":0},"b":{},"_coverageSchema":"1a1c01bbd47fc00a2c39e90264f33305004495a9","hash":"53f96ca8650e49ee906eea4d8dc16bca3dd80fd7"}
,"C:\\Users\\jstev\\Documents\\BookmarksAPI\\bookmarks-lambda-delete\\index.js": {"path":"C:\\Users\\jstev\\Documents\\BookmarksAPI\\bookmarks-lambda-delete\\index.js","statementMap":{"0":{"start":{"line":1,"column":12},"end":{"line":1,"column":30}},"1":{"start":{"line":3,"column":0},"end":{"line":5,"column":3}},"2":{"start":{"line":7,"column":19},"end":{"line":7,"column":52}},"3":{"start":{"line":9,"column":0},"end":{"line":38,"column":1}},"4":{"start":{"line":12,"column":8},"end":{"line":12,"column":13}},"5":{"start":{"line":16,"column":8},"end":{"line":16,"column":19}},"6":{"start":{"line":18,"column":25},"end":{"line":23,"column":5}},"7":{"start":{"line":25,"column":4},"end":{"line":37,"column":11}},"8":{"start":{"line":27,"column":12},"end":{"line":30,"column":14}},"9":{"start":{"line":33,"column":12},"end":{"line":36,"column":14}}},"fnMap":{"0":{"name":"(anonymous_0)","decl":{"start":{"line":9,"column":18},"end":{"line":9,"column":19}},"loc":{"start":{"line":9,"column":35},"end":{"line":38,"column":1}},"line":9},"1":{"name":"(anonymous_1)","decl":{"start":{"line":26,"column":14},"end":{"line":26,"column":15}},"loc":{"start":{"line":26,"column":20},"end":{"line":31,"column":9}},"line":26},"2":{"name":"(anonymous_2)","decl":{"start":{"line":32,"column":15},"end":{"line":32,"column":16}},"loc":{"start":{"line":32,"column":33},"end":{"line":37,"column":9}},"line":32}},"branchMap":{},"s":{"0":1,"1":1,"2":1,"3":1,"4":1,"5":1,"6":1,"7":1,"8":0,"9":1},"f":{"0":1,"1":0,"2":1},"b":{},"_coverageSchema":"1a1c01bbd47fc00a2c39e90264f33305004495a9","hash":"cd858af4dadfd480a8e0156374eff3c02cb4329d"}
,"C:\\Users\\jstev\\Documents\\BookmarksAPI\\bookmarks-lambda-get\\index.js": {"path":"C:\\Users\\jstev\\Documents\\BookmarksAPI\\bookmarks-lambda-get\\index.js","statementMap":{"0":{"start":{"line":1,"column":12},"end":{"line":1,"column":30}},"1":{"start":{"line":3,"column":14},"end":{"line":3,"column":36}},"2":{"start":{"line":4,"column":15},"end":{"line":4,"column":33}},"3":{"start":{"line":6,"column":0},"end":{"line":8,"column":3}},"4":{"start":{"line":10,"column":19},"end":{"line":10,"column":52}},"5":{"start":{"line":12,"column":0},"end":{"line":44,"column":2}},"6":{"start":{"line":15,"column":8},"end":{"line":15,"column":13}},"7":{"start":{"line":17,"column":4},"end":{"line":17,"column":23}},"8":{"start":{"line":21,"column":8},"end":{"line":21,"column":19}},"9":{"start":{"line":23,"column":22},"end":{"line":28,"column":5}},"10":{"start":{"line":30,"column":4},"end":{"line":43,"column":11}},"11":{"start":{"line":32,"column":12},"end":{"line":36,"column":14}},"12":{"start":{"line":39,"column":12},"end":{"line":42,"column":14}}},"fnMap":{"0":{"name":"(anonymous_0)","decl":{"start":{"line":12,"column":18},"end":{"line":12,"column":19}},"loc":{"start":{"line":12,"column":35},"end":{"line":44,"column":1}},"line":12},"1":{"name":"(anonymous_1)","decl":{"start":{"line":31,"column":14},"end":{"line":31,"column":15}},"loc":{"start":{"line":31,"column":41},"end":{"line":37,"column":9}},"line":31},"2":{"name":"(anonymous_2)","decl":{"start":{"line":38,"column":15},"end":{"line":38,"column":16}},"loc":{"start":{"line":38,"column":33},"end":{"line":43,"column":9}},"line":38}},"branchMap":{},"s":{"0":1,"1":1,"2":1,"3":1,"4":1,"5":1,"6":1,"7":1,"8":1,"9":1,"10":1,"11":0,"12":1},"f":{"0":1,"1":0,"2":1},"b":{},"_coverageSchema":"1a1c01bbd47fc00a2c39e90264f33305004495a9","hash":"1efc6275ec4fe4f538f0e7335c6eee4e9af97a48"}
,"C:\\Users\\jstev\\Documents\\BookmarksAPI\\bookmarks-lambda-list\\index.js": {"path":"C:\\Users\\jstev\\Documents\\BookmarksAPI\\bookmarks-lambda-list\\index.js","statementMap":{"0":{"start":{"line":1,"column":12},"end":{"line":1,"column":30}},"1":{"start":{"line":3,"column":0},"end":{"line":5,"column":3}},"2":{"start":{"line":7,"column":19},"end":{"line":7,"column":52}},"3":{"start":{"line":9,"column":0},"end":{"line":29,"column":1}},"4":{"start":{"line":10,"column":24},"end":{"line":13,"column":5}},"5":{"start":{"line":15,"column":4},"end":{"line":28,"column":11}},"6":{"start":{"line":17,"column":12},"end":{"line":21,"column":14}},"7":{"start":{"line":24,"column":12},"end":{"line":27,"column":14}}},"fnMap":{"0":{"name":"(anonymous_0)","decl":{"start":{"line":9,"column":18},"end":{"line":9,"column":19}},"loc":{"start":{"line":9,"column":30},"end":{"line":29,"column":1}},"line":9},"1":{"name":"(anonymous_1)","decl":{"start":{"line":16,"column":14},"end":{"line":16,"column":15}},"loc":{"start":{"line":16,"column":41},"end":{"line":22,"column":9}},"line":16},"2":{"name":"(anonymous_2)","decl":{"start":{"line":23,"column":15},"end":{"line":23,"column":16}},"loc":{"start":{"line":23,"column":33},"end":{"line":28,"column":9}},"line":23}},"branchMap":{},"s":{"0":1,"1":1,"2":1,"3":1,"4":1,"5":1,"6":1,"7":0},"f":{"0":1,"1":1,"2":0},"b":{},"_coverageSchema":"1a1c01bbd47fc00a2c39e90264f33305004495a9","hash":"9e734bf9c2644c21040d28a82f8fd68d185356f4"}
,"C:\\Users\\jstev\\Documents\\BookmarksAPI\\bookmarks-lambda-update\\index.js": {"path":"C:\\Users\\jstev\\Documents\\BookmarksAPI\\bookmarks-lambda-update\\index.js","statementMap":{"0":{"start":{"line":1,"column":12},"end":{"line":1,"column":30}},"1":{"start":{"line":3,"column":0},"end":{"line":5,"column":3}},"2":{"start":{"line":7,"column":19},"end":{"line":7,"column":52}},"3":{"start":{"line":9,"column":0},"end":{"line":53,"column":1}},"4":{"start":{"line":13,"column":8},"end":{"line":13,"column":13}},"5":{"start":{"line":17,"column":8},"end":{"line":17,"column":19}},"6":{"start":{"line":19,"column":23},"end":{"line":27,"column":5}},"7":{"start":{"line":29,"column":32},"end":{"line":36,"column":6}},"8":{"start":{"line":30,"column":28},"end":{"line":30,"column":46}},"9":{"start":{"line":31,"column":8},"end":{"line":33,"column":9}},"10":{"start":{"line":32,"column":12},"end":{"line":32,"column":48}},"11":{"start":{"line":34,"column":8},"end":{"line":34,"column":70}},"12":{"start":{"line":35,"column":8},"end":{"line":35,"column":29}},"13":{"start":{"line":38,"column":4},"end":{"line":38,"column":94}},"14":{"start":{"line":40,"column":4},"end":{"line":52,"column":11}},"15":{"start":{"line":42,"column":12},"end":{"line":45,"column":14}},"16":{"start":{"line":48,"column":12},"end":{"line":51,"column":14}}},"fnMap":{"0":{"name":"(anonymous_0)","decl":{"start":{"line":9,"column":18},"end":{"line":9,"column":19}},"loc":{"start":{"line":9,"column":35},"end":{"line":53,"column":1}},"line":9},"1":{"name":"(anonymous_1)","decl":{"start":{"line":29,"column":54},"end":{"line":29,"column":55}},"loc":{"start":{"line":29,"column":66},"end":{"line":36,"column":5}},"line":29},"2":{"name":"(anonymous_2)","decl":{"start":{"line":41,"column":14},"end":{"line":41,"column":15}},"loc":{"start":{"line":41,"column":20},"end":{"line":46,"column":9}},"line":41},"3":{"name":"(anonymous_3)","decl":{"start":{"line":47,"column":15},"end":{"line":47,"column":16}},"loc":{"start":{"line":47,"column":33},"end":{"line":52,"column":9}},"line":47}},"branchMap":{"0":{"loc":{"start":{"line":31,"column":8},"end":{"line":33,"column":9}},"type":"if","locations":[{"start":{"line":31,"column":8},"end":{"line":33,"column":9}},{"start":{"line":31,"column":8},"end":{"line":33,"column":9}}],"line":31}},"s":{"0":1,"1":1,"2":1,"3":1,"4":1,"5":1,"6":1,"7":1,"8":1,"9":1,"10":0,"11":1,"12":1,"13":1,"14":1,"15":0,"16":1},"f":{"0":1,"1":1,"2":0,"3":1},"b":{"0":[0,1]},"_coverageSchema":"1a1c01bbd47fc00a2c39e90264f33305004495a9","hash":"8fda83588ac6e6e1c6b193c020fabc2a9f994d57"}
}
