TN:
SF:bookmarks-lambda-analyse\index.js
FN:3,(anonymous_0)
FN:9,(anonymous_1)
FN:32,(anonymous_2)
FNF:3
FNH:2
FNDA:1,(anonymous_0)
FNDA:1,(anonymous_1)
FNDA:0,(anonymous_2)
DA:1,1
DA:3,1
DA:6,1
DA:8,1
DA:14,1
DA:16,1
DA:17,1
DA:18,1
DA:21,1
DA:33,0
LF:10
LH:9
BRDA:17,0,0,1
BRDA:17,0,1,0
BRF:2
BRH:1
end_of_record
TN:
SF:bookmarks-lambda-create\index.js
FN:14,(anonymous_0)
FN:27,(anonymous_1)
FN:42,(anonymous_2)
FN:66,(anonymous_3)
FN:73,(anonymous_4)
FNF:5
FNH:4
FNDA:1,(anonymous_0)
FNDA:1,(anonymous_1)
FNDA:1,(anonymous_2)
FNDA:1,(anonymous_3)
FNDA:0,(anonymous_4)
DA:1,1
DA:2,1
DA:4,1
DA:5,1
DA:7,1
DA:8,1
DA:10,1
DA:14,1
DA:15,1
DA:19,1
DA:24,1
DA:27,1
DA:30,1
DA:36,1
DA:38,1
DA:39,1
DA:41,1
DA:48,1
DA:50,1
DA:65,1
DA:67,1
DA:74,0
LF:22
LH:21
BRF:0
BRH:0
end_of_record
TN:
SF:bookmarks-lambda-delete\index.js
FN:9,(anonymous_0)
FN:26,(anonymous_1)
FN:32,(anonymous_2)
FNF:3
FNH:2
FNDA:1,(anonymous_0)
FNDA:1,(anonymous_1)
FNDA:0,(anonymous_2)
DA:1,1
DA:3,1
DA:5,1
DA:9,1
DA:12,1
DA:16,1
DA:18,1
DA:25,1
DA:27,1
DA:33,0
LF:10
LH:9
BRF:0
BRH:0
end_of_record
TN:
SF:bookmarks-lambda-get\index.js
FN:12,(anonymous_0)
FN:29,(anonymous_1)
FN:36,(anonymous_2)
FNF:3
FNH:2
FNDA:1,(anonymous_0)
FNDA:0,(anonymous_1)
FNDA:1,(anonymous_2)
DA:1,1
DA:3,1
DA:5,1
DA:6,1
DA:8,1
DA:12,1
DA:15,1
DA:19,1
DA:21,1
DA:28,1
DA:30,0
DA:37,1
LF:12
LH:11
BRF:0
BRH:0
end_of_record
TN:
SF:bookmarks-lambda-list\index.js
FN:9,(anonymous_0)
FN:15,(anonymous_1)
FN:22,(anonymous_2)
FNF:3
FNH:2
FNDA:1,(anonymous_0)
FNDA:1,(anonymous_1)
FNDA:0,(anonymous_2)
DA:1,1
DA:3,1
DA:5,1
DA:9,1
DA:10,1
DA:14,1
DA:16,1
DA:23,0
LF:8
LH:7
BRF:0
BRH:0
end_of_record
TN:
SF:bookmarks-lambda-update\index.js
FN:9,(anonymous_0)
FN:29,(anonymous_1)
FN:41,(anonymous_2)
FN:47,(anonymous_3)
FNF:4
FNH:3
FNDA:1,(anonymous_0)
FNDA:1,(anonymous_1)
FNDA:1,(anonymous_2)
FNDA:0,(anonymous_3)
DA:1,1
DA:3,1
DA:5,1
DA:9,1
DA:13,1
DA:17,1
DA:19,1
DA:29,1
DA:30,1
DA:31,1
DA:32,1
DA:34,1
DA:35,1
DA:38,1
DA:40,1
DA:42,1
DA:48,0
LF:17
LH:16
BRDA:31,0,0,1
BRDA:31,0,1,0
BRF:2
BRH:1
end_of_record
