TN:
SF:bookmarks-lambda-analyse\index.js
FN:3,(anonymous_0)
FN:9,(anonymous_1)
FN:32,(anonymous_2)
FNF:3
FNH:2
FNDA:1,(anonymous_0)
FNDA:1,(anonymous_1)
FNDA:0,(anonymous_2)
DA:1,1
DA:3,1
DA:6,1
DA:8,1
DA:14,1
DA:16,1
DA:17,1
DA:18,1
DA:21,1
DA:33,0
LF:10
LH:9
BRDA:17,0,0,1
BRDA:17,0,1,0
BRF:2
BRH:1
end_of_record
TN:
SF:bookmarks-lambda-create\index.js
FN:14,(anonymous_0)
FN:27,(anonymous_1)
FN:42,(anonymous_2)
FN:68,(anonymous_3)
FN:75,(anonymous_4)
FNF:5
FNH:3
FNDA:1,(anonymous_0)
FNDA:1,(anonymous_1)
FNDA:1,(anonymous_2)
FNDA:0,(anonymous_3)
FNDA:0,(anonymous_4)
DA:1,1
DA:2,1
DA:4,1
DA:5,1
DA:7,1
DA:11,1
DA:12,1
DA:14,1
DA:15,1
DA:19,1
DA:24,1
DA:27,1
DA:30,1
DA:36,1
DA:38,1
DA:39,1
DA:41,1
DA:43,1
DA:50,0
DA:52,0
DA:67,0
DA:69,0
DA:76,0
LF:23
LH:18
BRF:0
BRH:0
end_of_record
TN:
SF:bookmarks-lambda-delete\index.js
FN:9,(anonymous_0)
FN:26,(anonymous_1)
FN:32,(anonymous_2)
FNF:3
FNH:2
FNDA:1,(anonymous_0)
FNDA:0,(anonymous_1)
FNDA:1,(anonymous_2)
DA:1,1
DA:3,1
DA:7,1
DA:9,1
DA:12,1
DA:16,1
DA:18,1
DA:25,1
DA:27,0
DA:33,1
LF:10
LH:9
BRF:0
BRH:0
end_of_record
TN:
SF:bookmarks-lambda-get\index.js
FN:12,(anonymous_0)
FN:31,(anonymous_1)
FN:38,(anonymous_2)
FNF:3
FNH:2
FNDA:1,(anonymous_0)
FNDA:0,(anonymous_1)
FNDA:1,(anonymous_2)
DA:1,1
DA:3,1
DA:4,1
DA:6,1
DA:10,1
DA:12,1
DA:15,1
DA:17,1
DA:21,1
DA:23,1
DA:30,1
DA:32,0
DA:39,1
LF:13
LH:12
BRF:0
BRH:0
end_of_record
TN:
SF:bookmarks-lambda-list\index.js
FN:9,(anonymous_0)
FN:16,(anonymous_1)
FN:23,(anonymous_2)
FNF:3
FNH:2
FNDA:1,(anonymous_0)
FNDA:1,(anonymous_1)
FNDA:0,(anonymous_2)
DA:1,1
DA:3,1
DA:7,1
DA:9,1
DA:10,1
DA:15,1
DA:17,1
DA:24,0
LF:8
LH:7
BRF:0
BRH:0
end_of_record
TN:
SF:bookmarks-lambda-update\index.js
FN:9,(anonymous_0)
FN:29,(anonymous_1)
FN:41,(anonymous_2)
FN:47,(anonymous_3)
FNF:4
FNH:3
FNDA:1,(anonymous_0)
FNDA:1,(anonymous_1)
FNDA:0,(anonymous_2)
FNDA:1,(anonymous_3)
DA:1,1
DA:3,1
DA:7,1
DA:9,1
DA:13,1
DA:17,1
DA:19,1
DA:29,1
DA:30,1
DA:31,1
DA:32,0
DA:34,1
DA:35,1
DA:38,1
DA:40,1
DA:42,0
DA:48,1
LF:17
LH:15
BRDA:31,0,0,0
BRDA:31,0,1,1
BRF:2
BRH:1
end_of_record
